<?xml version="1.0" encoding="UTF-8"?><testrun name="LCATest" project="Assignment1" tests="12" started="12" failures="1" errors="0" ignored="0">
  <testsuite name="LCATest" time="0.18">
    <testcase name="testTwoNodes" classname="LCATest" time="0.031"/>
    <testcase name="testGet" classname="LCATest" time="0.002"/>
    <testcase name="testLCA" classname="LCATest" time="0.001"/>
    <testcase name="testPut" classname="LCATest" time="0.001"/>
    <testcase name="testNodeConstructor" classname="LCATest" time="0.004"/>
    <testcase name="testEmptyTree" classname="LCATest" time="0.001"/>
    <testcase name="testForNonExistentNodes" classname="LCATest" time="0.061">
      <failure>java.lang.AssertionError: Find ancestors of non-existent nodes:  expected same:&lt;null&gt; was not:&lt;6&gt;
	at org.junit.Assert.fail(Assert.java:88)
	at org.junit.Assert.failNotSame(Assert.java:828)
	at org.junit.Assert.assertSame(Assert.java:771)
	at LCATest.testForNonExistentNodes(LCATest.java:43)
	at sun.reflect.NativeMethodAccessorImpl.invoke0(Native Method)
	at sun.reflect.NativeMethodAccessorImpl.invoke(NativeMethodAccessorImpl.java:62)
	at sun.reflect.DelegatingMethodAccessorImpl.invoke(DelegatingMethodAccessorImpl.java:43)
	at java.lang.reflect.Method.invoke(Method.java:498)
	at org.junit.runners.model.FrameworkMethod$1.runReflectiveCall(FrameworkMethod.java:50)
	at org.junit.internal.runners.model.ReflectiveCallable.run(ReflectiveCallable.java:12)
	at org.junit.runners.model.FrameworkMethod.invokeExplosively(FrameworkMethod.java:47)
	at org.junit.internal.runners.statements.InvokeMethod.evaluate(InvokeMethod.java:17)
	at org.junit.runners.ParentRunner.runLeaf(ParentRunner.java:325)
	at org.junit.runners.BlockJUnit4ClassRunner.runChild(BlockJUnit4ClassRunner.java:78)
	at org.junit.runners.BlockJUnit4ClassRunner.runChild(BlockJUnit4ClassRunner.java:57)
	at org.junit.runners.ParentRunner$3.run(ParentRunner.java:290)
	at org.junit.runners.ParentRunner$1.schedule(ParentRunner.java:71)
	at org.junit.runners.ParentRunner.runChildren(ParentRunner.java:288)
	at org.junit.runners.ParentRunner.access$000(ParentRunner.java:58)
	at org.junit.runners.ParentRunner$2.evaluate(ParentRunner.java:268)
	at org.junit.runners.ParentRunner.run(ParentRunner.java:363)
	at org.eclipse.jdt.internal.junit4.runner.JUnit4TestReference.run(JUnit4TestReference.java:86)
	at org.eclipse.jdt.internal.junit.runner.TestExecution.run(TestExecution.java:38)
	at org.eclipse.jdt.internal.junit.runner.RemoteTestRunner.runTests(RemoteTestRunner.java:459)
	at org.eclipse.jdt.internal.junit.runner.RemoteTestRunner.runTests(RemoteTestRunner.java:678)
	at org.eclipse.jdt.internal.junit.runner.RemoteTestRunner.run(RemoteTestRunner.java:382)
	at org.eclipse.jdt.internal.junit.runner.RemoteTestRunner.main(RemoteTestRunner.java:192)

</failure>
    </testcase>
    <testcase name="testContains" classname="LCATest" time="0.004"/>
    <testcase name="testPrettyPrint" classname="LCATest" time="0.002"/>
    <testcase name="testDelete" classname="LCATest" time="0.026"/>
    <testcase name="testHeight" classname="LCATest" time="0.025"/>
    <testcase name="testMedian" classname="LCATest" time="0.013"/>
  </testsuite>
</testrun>
